  compilation object save succeeded; see D:\zyugyou\3nenn\syukatu\まだ生きてる\提出済み\アクリア\20220714_応募作品_亀井真先\作品1_ボスラッシュ\プロジェクト\BossRehash\Debug\Sprite2D_PS.cso
  compilation object save succeeded; see D:\zyugyou\3nenn\syukatu\まだ生きてる\提出済み\アクリア\20220714_応募作品_亀井真先\作品1_ボスラッシュ\プロジェクト\BossRehash\Debug\Sprite2D_VS.cso
  BackFore.cpp
  BaseProc.cpp
  DInput.cpp
  Direct3D.cpp
  Effect.cpp
  Enemy.cpp
d:\zyugyou\3nenn\syukatu\まだ生きてる\提出済み\アクリア\20220714_応募作品_亀井真先\作品1_ボスラッシュ\プロジェクト\bossrehash\src\enemy.cpp(336): warning C4101: 'bRet': ローカル変数は 1 度も使われていません。
d:\zyugyou\3nenn\syukatu\まだ生きてる\提出済み\アクリア\20220714_応募作品_亀井真先\作品1_ボスラッシュ\プロジェクト\bossrehash\src\enemy.cpp(766): warning C4101: 'bRet': ローカル変数は 1 度も使われていません。
d:\zyugyou\3nenn\syukatu\まだ生きてる\提出済み\アクリア\20220714_応募作品_亀井真先\作品1_ボスラッシュ\プロジェクト\bossrehash\src\enemy.cpp(1200): warning C4101: 'bRet': ローカル変数は 1 度も使われていません。
d:\zyugyou\3nenn\syukatu\まだ生きてる\提出済み\アクリア\20220714_応募作品_亀井真先\作品1_ボスラッシュ\プロジェクト\bossrehash\src\enemy.cpp(1670): warning C4101: 'bRet': ローカル変数は 1 度も使われていません。
d:\zyugyou\3nenn\syukatu\まだ生きてる\提出済み\アクリア\20220714_応募作品_亀井真先\作品1_ボスラッシュ\プロジェクト\bossrehash\src\enemy.cpp(2128): warning C4101: 'bRet': ローカル変数は 1 度も使われていません。
d:\zyugyou\3nenn\syukatu\まだ生きてる\提出済み\アクリア\20220714_応募作品_亀井真先\作品1_ボスラッシュ\プロジェクト\bossrehash\src\enemy.cpp(2970): warning C4101: 'bRet': ローカル変数は 1 度も使われていません。
  File.cpp
  GameMain.cpp
  Main.cpp
  Map.cpp
  MyMath.cpp
  Playchar.cpp
  Shader.cpp
  Sprite.cpp
  Title.cpp
  Weapon.cpp
d:\zyugyou\3nenn\syukatu\まだ生きてる\提出済み\アクリア\20220714_応募作品_亀井真先\作品1_ボスラッシュ\プロジェクト\bossrehash\src\weapon.cpp(2629): warning C4305: '+=': 'double' から 'float' へ切り詰めます。
d:\zyugyou\3nenn\syukatu\まだ生きてる\提出済み\アクリア\20220714_応募作品_亀井真先\作品1_ボスラッシュ\プロジェクト\bossrehash\src\weapon.cpp(2865): warning C4305: '+=': 'double' から 'float' へ切り詰めます。
d:\zyugyou\3nenn\syukatu\まだ生きてる\提出済み\アクリア\20220714_応募作品_亀井真先\作品1_ボスラッシュ\プロジェクト\bossrehash\src\weapon.cpp(3272): warning C4060: switch ステートメントに 'case' または 'default' ラベルがありません。
  XAudio.cpp
  コードを生成中...
  BossRehash.vcxproj -> D:\zyugyou\3nenn\syukatu\まだ生きてる\提出済み\アクリア\20220714_応募作品_亀井真先\作品1_ボスラッシュ\プロジェクト\BossRehash\Debug\BossRehash.exe
