  compilation object save succeeded; see D:\zyugyou\2nenn\GameMake\Game\backup\20220424-2130\UltimateSquash\Release\DisplaceSkinMesh_DS.cso
  compilation object save succeeded; see D:\zyugyou\2nenn\GameMake\Game\backup\20220424-2130\UltimateSquash\Release\DisplaceSkinMesh_HS.cso
  compilation object save succeeded; see D:\zyugyou\2nenn\GameMake\Game\backup\20220424-2130\UltimateSquash\Release\DisplaceSkinMesh_PS.cso
  compilation object save succeeded; see D:\zyugyou\2nenn\GameMake\Game\backup\20220424-2130\UltimateSquash\Release\DisplaceSkinMesh_VS.cso
  compilation object save succeeded; see D:\zyugyou\2nenn\GameMake\Game\backup\20220424-2130\UltimateSquash\Release\DisplaceStaticMesh_DS.cso
  compilation object save succeeded; see D:\zyugyou\2nenn\GameMake\Game\backup\20220424-2130\UltimateSquash\Release\DisplaceStaticMesh_HS.cso
  compilation object save succeeded; see D:\zyugyou\2nenn\GameMake\Game\backup\20220424-2130\UltimateSquash\Release\DisplaceStaticMesh_PS.cso
  compilation object save succeeded; see D:\zyugyou\2nenn\GameMake\Game\backup\20220424-2130\UltimateSquash\Release\DisplaceStaticMesh_VS.cso
  compilation object save succeeded; see D:\zyugyou\2nenn\GameMake\Game\backup\20220424-2130\UltimateSquash\Release\DisplaceWave_DS.cso
  compilation object save succeeded; see D:\zyugyou\2nenn\GameMake\Game\backup\20220424-2130\UltimateSquash\Release\DisplaceWave_HS.cso
  compilation object save succeeded; see D:\zyugyou\2nenn\GameMake\Game\backup\20220424-2130\UltimateSquash\Release\DisplaceWave_PS.cso
  compilation object save succeeded; see D:\zyugyou\2nenn\GameMake\Game\backup\20220424-2130\UltimateSquash\Release\DisplaceWave_VS.cso
  compilation object save succeeded; see D:\zyugyou\2nenn\GameMake\Game\backup\20220424-2130\UltimateSquash\Release\Effect3D_GS_POINT.cso
  compilation object save succeeded; see D:\zyugyou\2nenn\GameMake\Game\backup\20220424-2130\UltimateSquash\Release\Effect3D_PS.cso
  compilation object save succeeded; see D:\zyugyou\2nenn\GameMake\Game\backup\20220424-2130\UltimateSquash\Release\Effect3D_VS_BILL.cso
  compilation object save succeeded; see D:\zyugyou\2nenn\GameMake\Game\backup\20220424-2130\UltimateSquash\Release\Effect3D_VS_BILLMESH.cso
  compilation object save succeeded; see D:\zyugyou\2nenn\GameMake\Game\backup\20220424-2130\UltimateSquash\Release\Effect3D_VS_POINT.cso
  compilation object save succeeded; see D:\zyugyou\2nenn\GameMake\Game\backup\20220424-2130\UltimateSquash\Release\FbxSkinMeshAfter_PS_AFTER1.cso
  compilation object save succeeded; see D:\zyugyou\2nenn\GameMake\Game\backup\20220424-2130\UltimateSquash\Release\FbxSkinMeshAfter_PS_AFTER2.cso
  compilation object save succeeded; see D:\zyugyou\2nenn\GameMake\Game\backup\20220424-2130\UltimateSquash\Release\FbxSkinMeshAfter_VS_AFTER1.cso
  compilation object save succeeded; see D:\zyugyou\2nenn\GameMake\Game\backup\20220424-2130\UltimateSquash\Release\FbxSkinMeshAfter_VS_AFTER2.cso
  compilation object save succeeded; see D:\zyugyou\2nenn\GameMake\Game\backup\20220424-2130\UltimateSquash\Release\FbxSkinMeshToon_PS_TOON1.cso
  compilation object save succeeded; see D:\zyugyou\2nenn\GameMake\Game\backup\20220424-2130\UltimateSquash\Release\FbxSkinMeshToon_PS_TOON2.cso
  compilation object save succeeded; see D:\zyugyou\2nenn\GameMake\Game\backup\20220424-2130\UltimateSquash\Release\FbxSkinMeshToon_VS_TOON1.cso
  compilation object save succeeded; see D:\zyugyou\2nenn\GameMake\Game\backup\20220424-2130\UltimateSquash\Release\FbxSkinMeshToon_VS_TOON2.cso
  compilation object save succeeded; see D:\zyugyou\2nenn\GameMake\Game\backup\20220424-2130\UltimateSquash\Release\FbxSkinMesh_PS.cso
  compilation object save succeeded; see D:\zyugyou\2nenn\GameMake\Game\backup\20220424-2130\UltimateSquash\Release\FbxSkinMesh_VS.cso
  compilation object save succeeded; see D:\zyugyou\2nenn\GameMake\Game\backup\20220424-2130\UltimateSquash\Release\FbxStaticMeshAfter_PS_AFTER1.cso
  compilation object save succeeded; see D:\zyugyou\2nenn\GameMake\Game\backup\20220424-2130\UltimateSquash\Release\FbxStaticMeshAfter_PS_AFTER2.cso
  compilation object save succeeded; see D:\zyugyou\2nenn\GameMake\Game\backup\20220424-2130\UltimateSquash\Release\FbxStaticMeshAfter_VS_AFTER1.cso
  compilation object save succeeded; see D:\zyugyou\2nenn\GameMake\Game\backup\20220424-2130\UltimateSquash\Release\FbxStaticMeshAfter_VS_AFTER2.cso
  compilation object save succeeded; see D:\zyugyou\2nenn\GameMake\Game\backup\20220424-2130\UltimateSquash\Release\FbxStaticMeshToon_PS_TOON1.cso
  compilation object save succeeded; see D:\zyugyou\2nenn\GameMake\Game\backup\20220424-2130\UltimateSquash\Release\FbxStaticMeshToon_PS_TOON2.cso
  compilation object save succeeded; see D:\zyugyou\2nenn\GameMake\Game\backup\20220424-2130\UltimateSquash\Release\FbxStaticMeshToon_VS_TOON1.cso
  compilation object save succeeded; see D:\zyugyou\2nenn\GameMake\Game\backup\20220424-2130\UltimateSquash\Release\FbxStaticMeshToon_VS_TOON2.cso
  compilation object save succeeded; see D:\zyugyou\2nenn\GameMake\Game\backup\20220424-2130\UltimateSquash\Release\FbxStaticMesh_PS.cso
  compilation object save succeeded; see D:\zyugyou\2nenn\GameMake\Game\backup\20220424-2130\UltimateSquash\Release\FbxStaticMesh_VS.cso
D:\zyugyou\2nenn\GameMake\Game\backup\20220424-2130\UltimateSquash\Src\MPR.hlsli(173,7-26): warning X3571: pow(f, e) will not work for negative f, use abs(f) or conditionally handle negative values if you expect them
D:\zyugyou\2nenn\GameMake\Game\backup\20220424-2130\UltimateSquash\Src\MPR.hlsli(223,7-26): warning X3571: pow(f, e) will not work for negative f, use abs(f) or conditionally handle negative values if you expect them
D:\zyugyou\2nenn\GameMake\Game\backup\20220424-2130\UltimateSquash\Src\MPR.hlsli(290,2): warning X4000: use of potentially uninitialized variable (Color)
  
  compilation object save succeeded; see D:\zyugyou\2nenn\GameMake\Game\backup\20220424-2130\UltimateSquash\Release\MPR_PS.cso
  compilation object save succeeded; see D:\zyugyou\2nenn\GameMake\Game\backup\20220424-2130\UltimateSquash\Release\MPR_VS.cso
  compilation object save succeeded; see D:\zyugyou\2nenn\GameMake\Game\backup\20220424-2130\UltimateSquash\Release\Simple_PS.cso
  compilation object save succeeded; see D:\zyugyou\2nenn\GameMake\Game\backup\20220424-2130\UltimateSquash\Release\Simple_VS.cso
  compilation object save succeeded; see D:\zyugyou\2nenn\GameMake\Game\backup\20220424-2130\UltimateSquash\Release\Sprite3D_PS.cso
  compilation object save succeeded; see D:\zyugyou\2nenn\GameMake\Game\backup\20220424-2130\UltimateSquash\Release\Sprite3D_VS.cso
  compilation object save succeeded; see D:\zyugyou\2nenn\GameMake\Game\backup\20220424-2130\UltimateSquash\Release\Sprite3D_VS_BILL.cso
  imgui.cpp
  imgui_demo.cpp
  imgui_draw.cpp
  imgui_impl_dx11.cpp
  imgui_impl_win32.cpp
  imgui_widgets.cpp
  BackFore.cpp
d:\zyugyou\2nenn\gamemake\game\backup\20220424-2130\ultimatesquash\src\backfore.cpp(975): warning C4101: 'str': ローカル変数は 1 度も使われていません。
  BaseProc.cpp
d:\zyugyou\2nenn\gamemake\game\backup\20220424-2130\ultimatesquash\src\baseproc.cpp(1012): warning C4805: '!=': 演算中の 'BOOL' 型と 'bool' 型の混用は安全ではありません
  BBox.cpp
  Camera.cpp
  Collision.cpp
  DInput.cpp
  Direct3D.cpp
  Displace.cpp
  Effect.cpp
d:\zyugyou\2nenn\gamemake\game\backup\20220424-2130\ultimatesquash\src\effect.cpp(2238): warning C4305: '+=': 'double' から 'float' へ切り詰めます。
d:\zyugyou\2nenn\gamemake\game\backup\20220424-2130\ultimatesquash\src\effect.cpp(2263): warning C4305: '初期化中': 'double' から 'FLOAT' へ切り詰めます。
  Enemy.cpp
d:\zyugyou\2nenn\gamemake\game\backup\20220424-2130\ultimatesquash\src\enemy.cpp(663): warning C4305: '引数': 'double' から 'float' へ切り詰めます。
d:\zyugyou\2nenn\gamemake\game\backup\20220424-2130\ultimatesquash\src\enemy.cpp(1064): warning C4101: 'mTran': ローカル変数は 1 度も使われていません。
d:\zyugyou\2nenn\gamemake\game\backup\20220424-2130\ultimatesquash\src\enemy.cpp(1551): warning C4101: 'mTemp': ローカル変数は 1 度も使われていません。
d:\zyugyou\2nenn\gamemake\game\backup\20220424-2130\ultimatesquash\src\enemy.cpp(3651): warning C4101: 'mTran': ローカル変数は 1 度も使われていません。
d:\zyugyou\2nenn\gamemake\game\backup\20220424-2130\ultimatesquash\src\enemy.cpp(3738): warning C4101: 'mTemp': ローカル変数は 1 度も使われていません。
  FbxMesh.cpp
  GameMain.cpp
  Main.cpp
  Map.cpp
  コンパイル中...
  MPR.cpp
  MyImgui.cpp
  MyMath.cpp
  Playchar.cpp
  RenderBuf.cpp
  Shader.cpp
  Sprite3D.cpp
  Title.cpp
d:\zyugyou\2nenn\gamemake\game\backup\20220424-2130\ultimatesquash\src\title.cpp(141): warning C4305: '-=': 'double' から 'float' へ切り詰めます。
d:\zyugyou\2nenn\gamemake\game\backup\20220424-2130\ultimatesquash\src\title.cpp(149): warning C4305: '+=': 'double' から 'float' へ切り詰めます。
d:\zyugyou\2nenn\gamemake\game\backup\20220424-2130\ultimatesquash\src\title.cpp(266): warning C4305: '引数': 'double' から 'const float' へ切り詰めます。
d:\zyugyou\2nenn\gamemake\game\backup\20220424-2130\ultimatesquash\src\title.cpp(268): warning C4305: '引数': 'double' から 'float' へ切り詰めます。
d:\zyugyou\2nenn\gamemake\game\backup\20220424-2130\ultimatesquash\src\title.cpp(366): warning C4305: '引数': 'double' から 'const float' へ切り詰めます。
d:\zyugyou\2nenn\gamemake\game\backup\20220424-2130\ultimatesquash\src\title.cpp(368): warning C4305: '引数': 'double' から 'float' へ切り詰めます。
d:\zyugyou\2nenn\gamemake\game\backup\20220424-2130\ultimatesquash\src\title.cpp(495): warning C4305: '引数': 'double' から 'const float' へ切り詰めます。
d:\zyugyou\2nenn\gamemake\game\backup\20220424-2130\ultimatesquash\src\title.cpp(497): warning C4305: '引数': 'double' から 'float' へ切り詰めます。
d:\zyugyou\2nenn\gamemake\game\backup\20220424-2130\ultimatesquash\src\title.cpp(623): warning C4305: '引数': 'double' から 'const float' へ切り詰めます。
d:\zyugyou\2nenn\gamemake\game\backup\20220424-2130\ultimatesquash\src\title.cpp(625): warning C4305: '引数': 'double' から 'float' へ切り詰めます。
d:\zyugyou\2nenn\gamemake\game\backup\20220424-2130\ultimatesquash\src\title.cpp(721): warning C4305: '引数': 'double' から 'const float' へ切り詰めます。
d:\zyugyou\2nenn\gamemake\game\backup\20220424-2130\ultimatesquash\src\title.cpp(723): warning C4305: '引数': 'double' から 'float' へ切り詰めます。
d:\zyugyou\2nenn\gamemake\game\backup\20220424-2130\ultimatesquash\src\title.cpp(843): warning C4305: '引数': 'double' から 'const float' へ切り詰めます。
d:\zyugyou\2nenn\gamemake\game\backup\20220424-2130\ultimatesquash\src\title.cpp(845): warning C4305: '引数': 'double' から 'float' へ切り詰めます。
d:\zyugyou\2nenn\gamemake\game\backup\20220424-2130\ultimatesquash\src\title.cpp(954): warning C4305: '引数': 'double' から 'const float' へ切り詰めます。
d:\zyugyou\2nenn\gamemake\game\backup\20220424-2130\ultimatesquash\src\title.cpp(956): warning C4305: '引数': 'double' から 'float' へ切り詰めます。
d:\zyugyou\2nenn\gamemake\game\backup\20220424-2130\ultimatesquash\src\title.cpp(1470): warning C4305: '引数': 'double' から 'const float' へ切り詰めます。
d:\zyugyou\2nenn\gamemake\game\backup\20220424-2130\ultimatesquash\src\title.cpp(1472): warning C4305: '引数': 'double' から 'float' へ切り詰めます。
  Weapon.cpp
d:\zyugyou\2nenn\gamemake\game\backup\20220424-2130\ultimatesquash\src\weapon.cpp(186): warning C4305: '引数': 'double' から 'float' へ切り詰めます。
d:\zyugyou\2nenn\gamemake\game\backup\20220424-2130\ultimatesquash\src\weapon.cpp(191): warning C4305: '引数': 'double' から 'float' へ切り詰めます。
d:\zyugyou\2nenn\gamemake\game\backup\20220424-2130\ultimatesquash\src\weapon.cpp(327): warning C4305: '引数': 'double' から 'float' へ切り詰めます。
d:\zyugyou\2nenn\gamemake\game\backup\20220424-2130\ultimatesquash\src\weapon.cpp(332): warning C4305: '引数': 'double' から 'float' へ切り詰めます。
d:\zyugyou\2nenn\gamemake\game\backup\20220424-2130\ultimatesquash\src\weapon.cpp(1399): warning C4305: '=': 'double' から 'float' へ切り詰めます。
d:\zyugyou\2nenn\gamemake\game\backup\20220424-2130\ultimatesquash\src\weapon.cpp(3448): warning C4101: 'mTemp': ローカル変数は 1 度も使われていません。
d:\zyugyou\2nenn\gamemake\game\backup\20220424-2130\ultimatesquash\src\weapon.cpp(3554): warning C4305: '-=': 'double' から 'float' へ切り詰めます。
d:\zyugyou\2nenn\gamemake\game\backup\20220424-2130\ultimatesquash\src\weapon.cpp(3563): warning C4305: '-=': 'double' から 'float' へ切り詰めます。
d:\zyugyou\2nenn\gamemake\game\backup\20220424-2130\ultimatesquash\src\weapon.cpp(3564): warning C4305: '+=': 'double' から 'float' へ切り詰めます。
d:\zyugyou\2nenn\gamemake\game\backup\20220424-2130\ultimatesquash\src\weapon.cpp(3575): warning C4305: '+=': 'double' から 'float' へ切り詰めます。
  XAudio.cpp
  コード生成しています。
  All 3796 functions were compiled because no usable IPDB/IOBJ from previous compilation was found.
  コード生成が終了しました。
  UltimateSquash.vcxproj -> D:\zyugyou\2nenn\GameMake\Game\backup\20220424-2130\UltimateSquash\Release\UltimateSquash.exe
